app/build/intermediates/manifest_merge_blame_file/debug/processDebugMainManifest/manifest-merger-blame-debug-report.txt
1<?xml version="1.0" encoding="utf-8"?>
2<manifest xmlns:android="http://schemas.android.com/apk/res/android"
3    package="com.example.learnex"
4    android:versionCode="1"
5    android:versionName="1.0" >
6
7    <uses-sdk
8        android:minSdkVersion="24"
9        android:targetSdkVersion="36" />
10
11    <uses-permission android:name="android.permission.INTERNET" />
11-->src\main\AndroidManifest.xml:5:5-67
11-->src\main\AndroidManifest.xml:5:22-64
12
13    <queries>
13-->[com.google.androidbrowserhelper:androidbrowserhelper:2.5.0] AndroidManifest.xml:26:5-34:15
14        <intent>
14-->[com.google.androidbrowserhelper:androidbrowserhelper:2.5.0] AndroidManifest.xml:27:9-33:18
15            <action android:name="android.intent.action.VIEW" />
15-->[com.google.androidbrowserhelper:androidbrowserhelper:2.5.0] AndroidManifest.xml:28:13-65
15-->[com.google.androidbrowserhelper:androidbrowserhelper:2.5.0] AndroidManifest.xml:28:21-62
16
17            <category android:name="android.intent.category.BROWSABLE" />
17-->[com.google.androidbrowserhelper:androidbrowserhelper:2.5.0] AndroidManifest.xml:30:13-74
17-->[com.google.androidbrowserhelper:androidbrowserhelper:2.5.0] AndroidManifest.xml:30:23-71
18
19            <data android:scheme="https" />
19-->[com.google.androidbrowserhelper:androidbrowserhelper:2.5.0] AndroidManifest.xml:32:13-44
19-->[com.google.androidbrowserhelper:androidbrowserhelper:2.5.0] AndroidManifest.xml:32:19-41
20        </intent>
21
22        <package android:name="androidx.test.orchestrator" />
22-->[androidx.test:runner:1.5.2] AndroidManifest.xml:25:9-62
22-->[androidx.test:runner:1.5.2] AndroidManifest.xml:25:18-59
23        <package android:name="androidx.test.services" />
23-->[androidx.test:runner:1.5.2] AndroidManifest.xml:26:9-58
23-->[androidx.test:runner:1.5.2] AndroidManifest.xml:26:18-55
24        <package android:name="com.google.android.apps.common.testing.services" />
24-->[androidx.test:runner:1.5.2] AndroidManifest.xml:27:9-83
24-->[androidx.test:runner:1.5.2] AndroidManifest.xml:27:18-80
25    </queries>
26
27    <permission
27-->[androidx.core:core:1.10.1] AndroidManifest.xml:22:5-24:47
28        android:name="com.example.learnex.DYNAMIC_RECEIVER_NOT_EXPORTED_PERMISSION"
28-->[androidx.core:core:1.10.1] AndroidManifest.xml:23:9-81
29        android:protectionLevel="signature" />
29-->[androidx.core:core:1.10.1] AndroidManifest.xml:24:9-44
30
31    <uses-permission android:name="com.example.learnex.DYNAMIC_RECEIVER_NOT_EXPORTED_PERMISSION" />
31-->[androidx.core:core:1.10.1] AndroidManifest.xml:26:5-97
31-->[androidx.core:core:1.10.1] AndroidManifest.xml:26:22-94
32    <uses-permission android:name="android.permission.REORDER_TASKS" />
32-->[androidx.test:core:1.5.0] AndroidManifest.xml:24:5-72
32-->[androidx.test:core:1.5.0] AndroidManifest.xml:24:22-69
33
34    <application
34-->src\main\AndroidManifest.xml:7:5-25:19
35        android:allowBackup="true"
35-->src\main\AndroidManifest.xml:8:9-35
36        android:appComponentFactory="androidx.core.app.CoreComponentFactory"
36-->[androidx.core:core:1.10.1] AndroidManifest.xml:28:18-86
37        android:dataExtractionRules="@xml/data_extraction_rules"
37-->src\main\AndroidManifest.xml:9:9-65
38        android:debuggable="true"
39        android:extractNativeLibs="false"
40        android:fullBackupContent="@xml/backup_rules"
40-->src\main\AndroidManifest.xml:10:9-54
41        android:icon="@mipmap/ic_launcher"
41-->src\main\AndroidManifest.xml:11:9-43
42        android:label="@string/app_name"
42-->src\main\AndroidManifest.xml:12:9-41
43        android:roundIcon="@mipmap/ic_launcher_round"
43-->src\main\AndroidManifest.xml:13:9-54
44        android:supportsRtl="true"
44-->src\main\AndroidManifest.xml:14:9-35
45        android:theme="@style/Theme.LearnEx" >
45-->src\main\AndroidManifest.xml:15:9-45
46        <activity
46-->src\main\AndroidManifest.xml:17:9-24:20
47            android:name="com.example.learnex.MainActivity"
47-->src\main\AndroidManifest.xml:17:19-47
48            android:exported="true"
48-->src\main\AndroidManifest.xml:18:13-36
49            android:launchMode="singleTask" >
49-->src\main\AndroidManifest.xml:19:13-44
50            <intent-filter>
50-->src\main\AndroidManifest.xml:20:13-23:29
51                <action android:name="android.intent.action.MAIN" />
51-->src\main\AndroidManifest.xml:21:17-69
51-->src\main\AndroidManifest.xml:21:25-66
52
53                <category android:name="android.intent.category.LAUNCHER" />
53-->src\main\AndroidManifest.xml:22:17-77
53-->src\main\AndroidManifest.xml:22:27-74
54            </intent-filter>
55        </activity>
56
57        <provider
57-->[androidx.emoji2:emoji2:1.2.0] AndroidManifest.xml:24:9-32:20
58            android:name="androidx.startup.InitializationProvider"
58-->[androidx.emoji2:emoji2:1.2.0] AndroidManifest.xml:25:13-67
59            android:authorities="com.example.learnex.androidx-startup"
59-->[androidx.emoji2:emoji2:1.2.0] AndroidManifest.xml:26:13-68
60            android:exported="false" >
60-->[androidx.emoji2:emoji2:1.2.0] AndroidManifest.xml:27:13-37
61            <meta-data
61-->[androidx.emoji2:emoji2:1.2.0] AndroidManifest.xml:29:13-31:52
62                android:name="androidx.emoji2.text.EmojiCompatInitializer"
62-->[androidx.emoji2:emoji2:1.2.0] AndroidManifest.xml:30:17-75
63                android:value="androidx.startup" />
63-->[androidx.emoji2:emoji2:1.2.0] AndroidManifest.xml:31:17-49
64            <meta-data
64-->[androidx.lifecycle:lifecycle-process:2.6.1] AndroidManifest.xml:29:13-31:52
65                android:name="androidx.lifecycle.ProcessLifecycleInitializer"
65-->[androidx.lifecycle:lifecycle-process:2.6.1] AndroidManifest.xml:30:17-78
66                android:value="androidx.startup" />
66-->[androidx.lifecycle:lifecycle-process:2.6.1] AndroidManifest.xml:31:17-49
67            <meta-data
67-->[androidx.profileinstaller:profileinstaller:1.3.0] AndroidManifest.xml:29:13-31:52
68                android:name="androidx.profileinstaller.ProfileInstallerInitializer"
68-->[androidx.profileinstaller:profileinstaller:1.3.0] AndroidManifest.xml:30:17-85
69                android:value="androidx.startup" />
69-->[androidx.profileinstaller:profileinstaller:1.3.0] AndroidManifest.xml:31:17-49
70        </provider>
71
72        <activity
72-->[androidx.test:core:1.5.0] AndroidManifest.xml:27:9-34:20
73            android:name="androidx.test.core.app.InstrumentationActivityInvoker$BootstrapActivity"
73-->[androidx.test:core:1.5.0] AndroidManifest.xml:28:13-99
74            android:exported="true"
74-->[androidx.test:core:1.5.0] AndroidManifest.xml:29:13-36
75            android:theme="@style/WhiteBackgroundTheme" >
75-->[androidx.test:core:1.5.0] AndroidManifest.xml:30:13-56
76            <intent-filter android:priority="-100" >
76-->[androidx.test:core:1.5.0] AndroidManifest.xml:31:13-33:29
76-->[androidx.test:core:1.5.0] AndroidManifest.xml:31:28-51
77                <category android:name="android.intent.category.LAUNCHER" />
77-->src\main\AndroidManifest.xml:22:17-77
77-->src\main\AndroidManifest.xml:22:27-74
78            </intent-filter>
79        </activity>
80        <activity
80-->[androidx.test:core:1.5.0] AndroidManifest.xml:35:9-42:20
81            android:name="androidx.test.core.app.InstrumentationActivityInvoker$EmptyActivity"
81-->[androidx.test:core:1.5.0] AndroidManifest.xml:36:13-95
82            android:exported="true"
82-->[androidx.test:core:1.5.0] AndroidManifest.xml:37:13-36
83            android:theme="@style/WhiteBackgroundTheme" >
83-->[androidx.test:core:1.5.0] AndroidManifest.xml:38:13-56
84            <intent-filter android:priority="-100" >
84-->[androidx.test:core:1.5.0] AndroidManifest.xml:31:13-33:29
84-->[androidx.test:core:1.5.0] AndroidManifest.xml:31:28-51
85                <category android:name="android.intent.category.LAUNCHER" />
85-->src\main\AndroidManifest.xml:22:17-77
85-->src\main\AndroidManifest.xml:22:27-74
86            </intent-filter>
87        </activity>
88        <activity
88-->[androidx.test:core:1.5.0] AndroidManifest.xml:43:9-50:20
89            android:name="androidx.test.core.app.InstrumentationActivityInvoker$EmptyFloatingActivity"
89-->[androidx.test:core:1.5.0] AndroidManifest.xml:44:13-103
90            android:exported="true"
90-->[androidx.test:core:1.5.0] AndroidManifest.xml:45:13-36
91            android:theme="@style/WhiteBackgroundDialogTheme" >
91-->[androidx.test:core:1.5.0] AndroidManifest.xml:46:13-62
92            <intent-filter android:priority="-100" >
92-->[androidx.test:core:1.5.0] AndroidManifest.xml:31:13-33:29
92-->[androidx.test:core:1.5.0] AndroidManifest.xml:31:28-51
93                <category android:name="android.intent.category.LAUNCHER" />
93-->src\main\AndroidManifest.xml:22:17-77
93-->src\main\AndroidManifest.xml:22:27-74
94            </intent-filter>
95        </activity>
96
97        <receiver
97-->[androidx.profileinstaller:profileinstaller:1.3.0] AndroidManifest.xml:34:9-52:20
98            android:name="androidx.profileinstaller.ProfileInstallReceiver"
98-->[androidx.profileinstaller:profileinstaller:1.3.0] AndroidManifest.xml:35:13-76
99            android:directBootAware="false"
99-->[androidx.profileinstaller:profileinstaller:1.3.0] AndroidManifest.xml:36:13-44
100            android:enabled="true"
100-->[androidx.profileinstaller:profileinstaller:1.3.0] AndroidManifest.xml:37:13-35
101            android:exported="true"
101-->[androidx.profileinstaller:profileinstaller:1.3.0] AndroidManifest.xml:38:13-36
102            android:permission="android.permission.DUMP" >
102-->[androidx.profileinstaller:profileinstaller:1.3.0] AndroidManifest.xml:39:13-57
103            <intent-filter>
103-->[androidx.profileinstaller:profileinstaller:1.3.0] AndroidManifest.xml:40:13-42:29
104                <action android:name="androidx.profileinstaller.action.INSTALL_PROFILE" />
104-->[androidx.profileinstaller:profileinstaller:1.3.0] AndroidManifest.xml:41:17-91
104-->[androidx.profileinstaller:profileinstaller:1.3.0] AndroidManifest.xml:41:25-88
105            </intent-filter>
106            <intent-filter>
106-->[androidx.profileinstaller:profileinstaller:1.3.0] AndroidManifest.xml:43:13-45:29
107                <action android:name="androidx.profileinstaller.action.SKIP_FILE" />
107-->[androidx.profileinstaller:profileinstaller:1.3.0] AndroidManifest.xml:44:17-85
107-->[androidx.profileinstaller:profileinstaller:1.3.0] AndroidManifest.xml:44:25-82
108            </intent-filter>
109            <intent-filter>
109-->[androidx.profileinstaller:profileinstaller:1.3.0] AndroidManifest.xml:46:13-48:29
110                <action android:name="androidx.profileinstaller.action.SAVE_PROFILE" />
110-->[androidx.profileinstaller:profileinstaller:1.3.0] AndroidManifest.xml:47:17-88
110-->[androidx.profileinstaller:profileinstaller:1.3.0] AndroidManifest.xml:47:25-85
111            </intent-filter>
112            <intent-filter>
112-->[androidx.profileinstaller:profileinstaller:1.3.0] AndroidManifest.xml:49:13-51:29
113                <action android:name="androidx.profileinstaller.action.BENCHMARK_OPERATION" />
113-->[androidx.profileinstaller:profileinstaller:1.3.0] AndroidManifest.xml:50:17-95
113-->[androidx.profileinstaller:profileinstaller:1.3.0] AndroidManifest.xml:50:25-92
114            </intent-filter>
115        </receiver>
116    </application>
117
118</manifest>